0 info it worked if it ends with ok
1 verbose cli [ 'D:\\Program Files\\node\\\\node.exe',
1 verbose cli   'D:\\Program Files\\node\\node_modules\\npm\\bin\\npm-cli.js',
1 verbose cli   'install',
1 verbose cli   'time-grunt--save-dev' ]
2 info using npm@1.4.28
3 info using node@v0.10.33
4 verbose node symlink D:\Program Files\node\\node.exe
5 warn package.json light-blue@3.0.0 No repository field.
6 info shrinkwrap file "D:\\light-blue-wrapbootstrap\\npm-shrinkwrap.json"
7 verbose readDependencies returned deps { 'grunt-handlebars-layouts': 'https://registry.npmjs.org/grunt-handlebars-layouts/-/grunt-handlebars-layouts-0.1.6.tgz' }
8 verbose cache add [ 'time-grunt--save-dev', null ]
9 verbose cache add name=undefined spec="time-grunt--save-dev" args=["time-grunt--save-dev",null]
10 verbose parsed url { protocol: null,
10 verbose parsed url   slashes: null,
10 verbose parsed url   auth: null,
10 verbose parsed url   host: null,
10 verbose parsed url   port: null,
10 verbose parsed url   hostname: null,
10 verbose parsed url   hash: null,
10 verbose parsed url   search: null,
10 verbose parsed url   query: null,
10 verbose parsed url   pathname: 'time-grunt--save-dev',
10 verbose parsed url   path: 'time-grunt--save-dev',
10 verbose parsed url   href: 'time-grunt--save-dev' }
11 silly lockFile ef649fd9-time-grunt-save-dev time-grunt--save-dev
12 verbose lock time-grunt--save-dev C:\Users\hazel\AppData\Roaming\npm-cache\ef649fd9-time-grunt-save-dev.lock
13 silly lockFile ef649fd9-time-grunt-save-dev time-grunt--save-dev
14 silly lockFile ef649fd9-time-grunt-save-dev time-grunt--save-dev
15 verbose addNamed [ 'time-grunt--save-dev', '' ]
16 verbose addNamed [ null, '*' ]
17 silly lockFile c84abca2-time-grunt-save-dev time-grunt--save-dev@
18 verbose lock time-grunt--save-dev@ C:\Users\hazel\AppData\Roaming\npm-cache\c84abca2-time-grunt-save-dev.lock
19 silly addNameRange { name: 'time-grunt--save-dev', range: '*', hasData: false }
20 verbose request where is /time-grunt--save-dev
21 verbose request registry https://registry.npmjs.org/
22 verbose request id b7213a914ea72b9d
23 verbose url raw /time-grunt--save-dev
24 verbose url resolving [ 'https://registry.npmjs.org/', './time-grunt--save-dev' ]
25 verbose url resolved https://registry.npmjs.org/time-grunt--save-dev
26 verbose request where is https://registry.npmjs.org/time-grunt--save-dev
27 info trying registry request attempt 1 at 10:02:20
28 http GET https://registry.npmjs.org/time-grunt--save-dev
29 http 404 https://registry.npmjs.org/time-grunt--save-dev
30 verbose headers { date: 'Sun, 04 Jan 2015 02:02:22 GMT',
30 verbose headers   server: 'CouchDB/1.5.0 (Erlang OTP/R16B03)',
30 verbose headers   'content-type': 'application/json',
30 verbose headers   'cache-control': 'max-age=0',
30 verbose headers   'content-length': '52',
30 verbose headers   'accept-ranges': 'bytes',
30 verbose headers   via: '1.1 varnish',
30 verbose headers   age: '0',
30 verbose headers   'x-served-by': 'cache-ty68-TYO',
30 verbose headers   'x-cache': 'MISS',
30 verbose headers   'x-cache-hits': '0',
30 verbose headers   'x-timer': 'S1420336942.127083,VS0,VE125',
30 verbose headers   'keep-alive': 'timeout=10, max=50',
30 verbose headers   connection: 'Keep-Alive' }
31 silly registry.get cb [ 404,
31 silly registry.get   { date: 'Sun, 04 Jan 2015 02:02:22 GMT',
31 silly registry.get     server: 'CouchDB/1.5.0 (Erlang OTP/R16B03)',
31 silly registry.get     'content-type': 'application/json',
31 silly registry.get     'cache-control': 'max-age=0',
31 silly registry.get     'content-length': '52',
31 silly registry.get     'accept-ranges': 'bytes',
31 silly registry.get     via: '1.1 varnish',
31 silly registry.get     age: '0',
31 silly registry.get     'x-served-by': 'cache-ty68-TYO',
31 silly registry.get     'x-cache': 'MISS',
31 silly registry.get     'x-cache-hits': '0',
31 silly registry.get     'x-timer': 'S1420336942.127083,VS0,VE125',
31 silly registry.get     'keep-alive': 'timeout=10, max=50',
31 silly registry.get     connection: 'Keep-Alive' } ]
32 silly lockFile c84abca2-time-grunt-save-dev time-grunt--save-dev@
33 silly lockFile c84abca2-time-grunt-save-dev time-grunt--save-dev@
34 error 404 404 Not Found: time-grunt--save-dev
34 error 404
34 error 404 'time-grunt--save-dev' is not in the npm registry.
34 error 404 You should bug the author to publish it
34 error 404 It was specified as a dependency of 'light-blue'
34 error 404
34 error 404 Note that you can also install from a
34 error 404 tarball, folder, or http url, or git url.
35 error System Windows_NT 6.1.7601
36 error command "D:\\Program Files\\node\\\\node.exe" "D:\\Program Files\\node\\node_modules\\npm\\bin\\npm-cli.js" "install" "time-grunt--save-dev"
37 error cwd D:\light-blue-wrapbootstrap
38 error node -v v0.10.33
39 error npm -v 1.4.28
40 error code E404
41 verbose exit [ 1, true ]
